Generated at 2016-03-03 20:24:07 +0000
NoMethodError: undefined method `source' for Chef::Resource::File
/opt/chefdk/embedded/lib/ruby/gems/2.1.0/gems/chef-12.8.0/lib/chef/resource.rb:1340:in `method_missing'
/home/ec2-user/sample-repo/.chef/local-mode-cache/cache/cookbooks/mercury/recipes/default.rb:17:in `block in from_file'
/opt/chefdk/embedded/lib/ruby/gems/2.1.0/gems/chef-12.8.0/lib/chef/resource_builder.rb:76:in `instance_eval'
/opt/chefdk/embedded/lib/ruby/gems/2.1.0/gems/chef-12.8.0/lib/chef/resource_builder.rb:76:in `build'
/opt/chefdk/embedded/lib/ruby/gems/2.1.0/gems/chef-12.8.0/lib/chef/dsl/declare_resource.rb:104:in `build_resource'
/opt/chefdk/embedded/lib/ruby/gems/2.1.0/gems/chef-12.8.0/lib/chef/dsl/declare_resource.rb:62:in `declare_resource'
/opt/chefdk/embedded/lib/ruby/gems/2.1.0/gems/chef-12.8.0/lib/chef/dsl/resources.rb:40:in `file'
/home/ec2-user/sample-repo/.chef/local-mode-cache/cache/cookbooks/mercury/recipes/default.rb:16:in `from_file'
/opt/chefdk/embedded/lib/ruby/gems/2.1.0/gems/chef-12.8.0/lib/chef/mixin/from_file.rb:30:in `instance_eval'
/opt/chefdk/embedded/lib/ruby/gems/2.1.0/gems/chef-12.8.0/lib/chef/mixin/from_file.rb:30:in `from_file'
/opt/chefdk/embedded/lib/ruby/gems/2.1.0/gems/chef-12.8.0/lib/chef/cookbook_version.rb:233:in `load_recipe'
/opt/chefdk/embedded/lib/ruby/gems/2.1.0/gems/chef-12.8.0/lib/chef/run_context.rb:332:in `load_recipe'
/opt/chefdk/embedded/lib/ruby/gems/2.1.0/gems/chef-12.8.0/lib/chef/run_context/cookbook_compiler.rb:140:in `block in compile_recipes'
/opt/chefdk/embedded/lib/ruby/gems/2.1.0/gems/chef-12.8.0/lib/chef/run_context/cookbook_compiler.rb:138:in `each'
/opt/chefdk/embedded/lib/ruby/gems/2.1.0/gems/chef-12.8.0/lib/chef/run_context/cookbook_compiler.rb:138:in `compile_recipes'
/opt/chefdk/embedded/lib/ruby/gems/2.1.0/gems/chef-12.8.0/lib/chef/run_context/cookbook_compiler.rb:75:in `compile'
/opt/chefdk/embedded/lib/ruby/gems/2.1.0/gems/chef-12.8.0/lib/chef/run_context.rb:167:in `load'
/opt/chefdk/embedded/lib/ruby/gems/2.1.0/gems/chef-12.8.0/lib/chef/policy_builder/expand_node_object.rb:93:in `setup_run_context'
/opt/chefdk/embedded/lib/ruby/gems/2.1.0/gems/chef-12.8.0/lib/chef/client.rb:509:in `setup_run_context'
/opt/chefdk/embedded/lib/ruby/gems/2.1.0/gems/chef-12.8.0/lib/chef/client.rb:277:in `run'
/opt/chefdk/embedded/lib/ruby/gems/2.1.0/gems/chef-12.8.0/lib/chef/application.rb:270:in `block in fork_chef_client'
/opt/chefdk/embedded/lib/ruby/gems/2.1.0/gems/chef-12.8.0/lib/chef/application.rb:258:in `fork'
/opt/chefdk/embedded/lib/ruby/gems/2.1.0/gems/chef-12.8.0/lib/chef/application.rb:258:in `fork_chef_client'
/opt/chefdk/embedded/lib/ruby/gems/2.1.0/gems/chef-12.8.0/lib/chef/application.rb:223:in `block in run_chef_client'
/opt/chefdk/embedded/lib/ruby/gems/2.1.0/gems/chef-12.8.0/lib/chef/local_mode.rb:44:in `with_server_connectivity'
/opt/chefdk/embedded/lib/ruby/gems/2.1.0/gems/chef-12.8.0/lib/chef/application.rb:211:in `run_chef_client'
/opt/chefdk/embedded/lib/ruby/gems/2.1.0/gems/chef-12.8.0/lib/chef/application/client.rb:445:in `block in interval_run_chef_client'
/opt/chefdk/embedded/lib/ruby/gems/2.1.0/gems/chef-12.8.0/lib/chef/application/client.rb:435:in `loop'
/opt/chefdk/embedded/lib/ruby/gems/2.1.0/gems/chef-12.8.0/lib/chef/application/client.rb:435:in `interval_run_chef_client'
/opt/chefdk/embedded/lib/ruby/gems/2.1.0/gems/chef-12.8.0/lib/chef/application/client.rb:424:in `run_application'
/opt/chefdk/embedded/lib/ruby/gems/2.1.0/gems/chef-12.8.0/lib/chef/application.rb:58:in `run'
/opt/chefdk/embedded/lib/ruby/gems/2.1.0/gems/chef-12.8.0/bin/chef-client:26:in `<top (required)>'
/usr/bin/chef-client:50:in `load'
/usr/bin/chef-client:50:in `<main>'